# JRE version: OpenJDK Runtime Environment (21.0.3) (build 21.0.3+-12099254-b509.4)
# Java VM: OpenJDK 64-Bit Server VM (21.0.3+-12099254-b509.4, mixed mode, tiered, compressed oops, compressed class ptrs, g1 gc, windows-amd64)
GC Precious Log:
 CardTable entry size: 512
 Card Set container configuration: InlinePtr #cards 5 size 8 Array Of Cards #cards 12 size 40 Howl #buckets 4 coarsen threshold 1843 Howl Bitmap #cards 512 size 80 coarsen threshold 460 Card regions per heap region 1 cards per card region 2048
 CPUs: 8 total, 8 available
 Memory: 3929M
 Large Page Support: Disabled
 NUMA Support: Disabled
 Compressed Oops: Enabled (32-bit)
 Heap Region Size: 1M
 Heap Min Capacity: 8M
 Heap Initial Capacity: 62M
 Heap Max Capacity: 2G
 Pre-touch: Disabled
 Parallel Workers: 8
 Concurrent Workers: 2
 Concurrent Refinement Workers: 8
 Periodic GC: Disabled
Heap:
 garbage-first heap   total 450560K, used 236309K [0x0000000080000000, 0x0000000100000000)
  region size 1024K, 11 young (11264K), 11 survivors (11264K)
 Metaspace       used 159517K, committed 161920K, reserved 1245184K
  class space    used 21298K, committed 22528K, reserved 1048576K
GC Heap History (20 events):
Event: 783.443 GC heap after
{Heap after GC invocations=85 (full 0):
 garbage-first heap   total 395264K, used 232437K [0x0000000080000000, 0x0000000100000000)
  region size 1024K, 14 young (14336K), 14 survivors (14336K)
 Metaspace       used 157845K, committed 160192K, reserved 1245184K
  class space    used 21271K, committed 22464K, reserved 1048576K
}
Event: 795.213 GC heap before
{Heap before GC invocations=85 (full 0):
 garbage-first heap   total 395264K, used 267253K [0x0000000080000000, 0x0000000100000000)
  region size 1024K, 49 young (50176K), 14 survivors (14336K)
 Metaspace       used 157884K, committed 160192K, reserved 1245184K
  class space    used 21271K, committed 22464K, reserved 1048576K
}
Event: 795.340 GC heap after
{Heap after GC invocations=86 (full 0):
 garbage-first heap   total 395264K, used 232210K [0x0000000080000000, 0x0000000100000000)
  region size 1024K, 3 young (3072K), 3 survivors (3072K)
 Metaspace       used 157884K, committed 160192K, reserved 1245184K
  class space    used 21271K, committed 22464K, reserved 1048576K
}
Event: 812.402 GC heap before
{Heap before GC invocations=86 (full 0):
 garbage-first heap   total 442368K, used 440082K [0x0000000080000000, 0x0000000100000000)
  region size 1024K, 127 young (130048K), 3 survivors (3072K)
 Metaspace       used 158183K, committed 160512K, reserved 1245184K
  class space    used 21271K, committed 22464K, reserved 1048576K
}
Event: 812.452 GC heap after
{Heap after GC invocations=87 (full 0):
 garbage-first heap   total 450560K, used 232914K [0x0000000080000000, 0x0000000100000000)
  region size 1024K, 4 young (4096K), 4 survivors (4096K)
 Metaspace       used 158183K, committed 160512K, reserved 1245184K
  class space    used 21271K, committed 22464K, reserved 1048576K
}
Event: 1166.047 GC heap before
{Heap before GC invocations=87 (full 0):
 garbage-first heap   total 450560K, used 413138K [0x0000000080000000, 0x0000000100000000)
  region size 1024K, 181 young (185344K), 4 survivors (4096K)
 Metaspace       used 158490K, committed 160832K, reserved 1245184K
  class space    used 21278K, committed 22464K, reserved 1048576K
}
Event: 1166.241 GC heap after
{Heap after GC invocations=88 (full 0):
 garbage-first heap   total 450560K, used 248445K [0x0000000080000000, 0x0000000100000000)
  region size 1024K, 21 young (21504K), 21 survivors (21504K)
 Metaspace       used 158490K, committed 160832K, reserved 1245184K
  class space    used 21278K, committed 22464K, reserved 1048576K
}
Event: 1239.773 GC heap before
{Heap before GC invocations=88 (full 0):
 garbage-first heap   total 450560K, used 380541K [0x0000000080000000, 0x0000000100000000)
  region size 1024K, 151 young (154624K), 21 survivors (21504K)
 Metaspace       used 158584K, committed 160960K, reserved 1245184K
  class space    used 21279K, committed 22464K, reserved 1048576K
}
Event: 1240.285 GC heap after
{Heap after GC invocations=89 (full 0):
 garbage-first heap   total 450560K, used 254246K [0x0000000080000000, 0x0000000100000000)
  region size 1024K, 7 young (7168K), 7 survivors (7168K)
 Metaspace       used 158584K, committed 160960K, reserved 1245184K
  class space    used 21279K, committed 22464K, reserved 1048576K
}
Event: 1261.315 GC heap before
{Heap before GC invocations=90 (full 0):
 garbage-first heap   total 450560K, used 308518K [0x0000000080000000, 0x0000000100000000)
  region size 1024K, 68 young (69632K), 7 survivors (7168K)
 Metaspace       used 158676K, committed 161024K, reserved 1245184K
  class space    used 21279K, committed 22464K, reserved 1048576K
}
Event: 1261.478 GC heap after
{Heap after GC invocations=91 (full 0):
 garbage-first heap   total 450560K, used 256142K [0x0000000080000000, 0x0000000100000000)
  region size 1024K, 9 young (9216K), 9 survivors (9216K)
 Metaspace       used 158676K, committed 161024K, reserved 1245184K
  class space    used 21279K, committed 22464K, reserved 1048576K
}
Event: 1265.125 GC heap before
{Heap before GC invocations=91 (full 0):
 garbage-first heap   total 450560K, used 412814K [0x0000000080000000, 0x0000000100000000)
  region size 1024K, 163 young (166912K), 9 survivors (9216K)
 Metaspace       used 159119K, committed 161536K, reserved 1245184K
  class space    used 21295K, committed 22528K, reserved 1048576K
}
Event: 1265.287 GC heap after
{Heap after GC invocations=92 (full 0):
 garbage-first heap   total 450560K, used 239554K [0x0000000080000000, 0x0000000100000000)
  region size 1024K, 20 young (20480K), 20 survivors (20480K)
 Metaspace       used 159119K, committed 161536K, reserved 1245184K
  class space    used 21295K, committed 22528K, reserved 1048576K
}
Event: 1265.497 GC heap before
{Heap before GC invocations=92 (full 0):
 garbage-first heap   total 450560K, used 274370K [0x0000000080000000, 0x0000000100000000)
  region size 1024K, 54 young (55296K), 20 survivors (20480K)
 Metaspace       used 159275K, committed 161664K, reserved 1245184K
  class space    used 21295K, committed 22528K, reserved 1048576K
}
Event: 1265.750 GC heap after
{Heap after GC invocations=93 (full 0):
 garbage-first heap   total 450560K, used 234916K [0x0000000080000000, 0x0000000100000000)
  region size 1024K, 3 young (3072K), 3 survivors (3072K)
 Metaspace       used 159275K, committed 161664K, reserved 1245184K
  class space    used 21295K, committed 22528K, reserved 1048576K
}
Event: 1265.970 GC heap before
{Heap before GC invocations=93 (full 0):
 garbage-first heap   total 450560K, used 270756K [0x0000000080000000, 0x0000000100000000)
  region size 1024K, 39 young (39936K), 3 survivors (3072K)
 Metaspace       used 159332K, committed 161728K, reserved 1245184K
  class space    used 21296K, committed 22528K, reserved 1048576K
}
Event: 1266.078 GC heap after
{Heap after GC invocations=94 (full 0):
 garbage-first heap   total 450560K, used 231740K [0x0000000080000000, 0x0000000100000000)
  region size 1024K, 3 young (3072K), 3 survivors (3072K)
 Metaspace       used 159332K, committed 161728K, reserved 1245184K
  class space    used 21296K, committed 22528K, reserved 1048576K
}
Event: 1266.415 GC heap before
{Heap before GC invocations=94 (full 0):
 garbage-first heap   total 450560K, used 299324K [0x0000000080000000, 0x0000000100000000)
  region size 1024K, 69 young (70656K), 3 survivors (3072K)
 Metaspace       used 159383K, committed 161792K, reserved 1245184K
  class space    used 21296K, committed 22528K, reserved 1048576K
}
Event: 1266.507 GC heap after
{Heap after GC invocations=95 (full 0):
 garbage-first heap   total 450560K, used 231627K [0x0000000080000000, 0x0000000100000000)
  region size 1024K, 6 young (6144K), 6 survivors (6144K)
 Metaspace       used 159383K, committed 161792K, reserved 1245184K
  class space    used 21296K, committed 22528K, reserved 1048576K
}
Event: 1267.397 GC heap before
{Heap before GC invocations=95 (full 0):
 garbage-first heap   total 450560K, used 356555K [0x0000000080000000, 0x0000000100000000)
  region size 1024K, 129 young (132096K), 6 survivors (6144K)
 Metaspace       used 159517K, committed 161920K, reserved 1245184K
  class space    used 21298K, committed 22528K, reserved 1048576K
}

